<?xml version="1.0" encoding="UTF-8"?>
<coverage generated="1746115163375" clover="3.2.0">
  <project timestamp="1746115163375" name="All files">
    <metrics statements="78" coveredstatements="59" conditionals="31" coveredconditionals="23" methods="21" coveredmethods="16" elements="130" coveredelements="98" complexity="0" loc="78" ncloc="78" packages="4" files="5" classes="5"/>
    <package name="Utils">
      <metrics statements="30" coveredstatements="23" conditionals="9" coveredconditionals="6" methods="5" coveredmethods="4"/>
      <file name="Validator.ts" path="C:\Users\MarkRufin-Zavhorodni\IdeaProjects\kpi-mentor-diploma-auth\app\src\Utils\Validator.ts">
        <metrics statements="30" coveredstatements="23" conditionals="9" coveredconditionals="6" methods="5" coveredmethods="4"/>
        <line num="2" count="1" type="stmt"/>
        <line num="5" count="1" type="stmt"/>
        <line num="21" count="1" type="stmt"/>
        <line num="66" count="1" type="stmt"/>
        <line num="72" count="18" type="stmt"/>
        <line num="73" count="84" type="cond" truecount="3" falsecount="0"/>
        <line num="74" count="26" type="stmt"/>
        <line num="75" count="26" type="cond" truecount="1" falsecount="0"/>
        <line num="76" count="10" type="stmt"/>
        <line num="80" count="8" type="stmt"/>
        <line num="84" count="8" type="stmt"/>
        <line num="85" count="8" type="stmt"/>
        <line num="86" count="8" type="cond" truecount="0" falsecount="1"/>
        <line num="87" count="0" type="stmt"/>
        <line num="89" count="8" type="stmt"/>
        <line num="93" count="0" type="stmt"/>
        <line num="94" count="0" type="stmt"/>
        <line num="95" count="0" type="cond" truecount="0" falsecount="1"/>
        <line num="96" count="0" type="stmt"/>
        <line num="98" count="0" type="stmt"/>
        <line num="102" count="10" type="stmt"/>
        <line num="103" count="10" type="stmt"/>
        <line num="104" count="10" type="cond" truecount="1" falsecount="0"/>
        <line num="105" count="8" type="stmt"/>
        <line num="107" count="2" type="stmt"/>
        <line num="111" count="10" type="stmt"/>
        <line num="113" count="9" type="cond" truecount="1" falsecount="0"/>
        <line num="114" count="8" type="stmt"/>
        <line num="117" count="2" type="cond" truecount="0" falsecount="1"/>
        <line num="118" count="0" type="stmt"/>
      </file>
    </package>
    <package name="enums">
      <metrics statements="4" coveredstatements="4" conditionals="2" coveredconditionals="2" methods="1" coveredmethods="1"/>
      <file name="EventEnums.ts" path="C:\Users\MarkRufin-Zavhorodni\IdeaProjects\kpi-mentor-diploma-auth\app\src\enums\EventEnums.ts">
        <metrics statements="4" coveredstatements="4" conditionals="2" coveredconditionals="2" methods="1" coveredmethods="1"/>
        <line num="1" count="1" type="cond" truecount="2" falsecount="0"/>
        <line num="2" count="1" type="stmt"/>
        <line num="3" count="1" type="stmt"/>
        <line num="4" count="1" type="stmt"/>
      </file>
    </package>
    <package name="middlewares">
      <metrics statements="25" coveredstatements="16" conditionals="6" coveredconditionals="1" methods="6" coveredmethods="5"/>
      <file name="ErrorMiddleware.ts" path="C:\Users\MarkRufin-Zavhorodni\IdeaProjects\kpi-mentor-diploma-auth\app\src\middlewares\ErrorMiddleware.ts">
        <metrics statements="12" coveredstatements="5" conditionals="4" coveredconditionals="0" methods="3" coveredmethods="2"/>
        <line num="2" count="1" type="stmt"/>
        <line num="4" count="1" type="stmt"/>
        <line num="5" count="1" type="stmt"/>
        <line num="6" count="10" type="stmt"/>
        <line num="7" count="10" type="stmt"/>
        <line num="9" count="0" type="cond" truecount="0" falsecount="2"/>
        <line num="10" count="0" type="stmt"/>
        <line num="11" count="0" type="stmt"/>
        <line num="13" count="0" type="stmt"/>
        <line num="19" count="0" type="stmt"/>
        <line num="20" count="0" type="stmt"/>
        <line num="24" count="0" type="stmt"/>
      </file>
      <file name="ValidationMiddleware.ts" path="C:\Users\MarkRufin-Zavhorodni\IdeaProjects\kpi-mentor-diploma-auth\app\src\middlewares\ValidationMiddleware.ts">
        <metrics statements="13" coveredstatements="11" conditionals="2" coveredconditionals="1" methods="3" coveredmethods="3"/>
        <line num="2" count="1" type="stmt"/>
        <line num="3" count="1" type="stmt"/>
        <line num="5" count="1" type="stmt"/>
        <line num="6" count="1" type="stmt"/>
        <line num="7" count="10" type="stmt"/>
        <line num="8" count="10" type="stmt"/>
        <line num="9" count="2" type="stmt"/>
        <line num="11" count="8" type="cond" truecount="1" falsecount="1"/>
        <line num="12" count="8" type="stmt"/>
        <line num="13" count="8" type="stmt"/>
        <line num="14" count="12" type="stmt"/>
        <line num="20" count="0" type="stmt"/>
        <line num="21" count="0" type="stmt"/>
      </file>
    </package>
    <package name="schemas">
      <metrics statements="19" coveredstatements="16" conditionals="14" coveredconditionals="14" methods="9" coveredmethods="6"/>
      <file name="ZodSchemas.ts" path="C:\Users\MarkRufin-Zavhorodni\IdeaProjects\kpi-mentor-diploma-auth\app\src\schemas\ZodSchemas.ts">
        <metrics statements="19" coveredstatements="16" conditionals="14" coveredconditionals="14" methods="9" coveredmethods="6"/>
        <line num="1" count="1" type="stmt"/>
        <line num="2" count="1" type="stmt"/>
        <line num="4" count="1" type="stmt"/>
        <line num="11" count="1" type="stmt"/>
        <line num="18" count="1" type="stmt"/>
        <line num="24" count="1" type="stmt"/>
        <line num="28" count="1" type="stmt"/>
        <line num="32" count="1" type="stmt"/>
        <line num="36" count="8" type="cond" truecount="3" falsecount="0"/>
        <line num="42" count="8" type="cond" truecount="3" falsecount="0"/>
        <line num="45" count="8" type="cond" truecount="2" falsecount="0"/>
        <line num="48" count="8" type="stmt"/>
        <line num="58" count="6" type="cond" truecount="3" falsecount="0"/>
        <line num="67" count="8" type="cond" truecount="3" falsecount="0"/>
        <line num="74" count="1" type="stmt"/>
        <line num="78" count="0" type="stmt"/>
        <line num="81" count="0" type="stmt"/>
        <line num="88" count="0" type="stmt"/>
        <line num="97" count="1" type="stmt"/>
      </file>
    </package>
  </project>
</coverage>
