{"C:\\Users\\MarkRufin-Zavhorodni\\IdeaProjects\\kpi-mentor-diploma-auth\\app\\src\\Utils\\Validator.ts": {"path":"C:\\Users\\MarkRufin-Zavhorodni\\IdeaProjects\\kpi-mentor-diploma-auth\\app\\src\\Utils\\Validator.ts","statementMap":{"0":{"start":{"line":2,"column":0},"end":{"line":2,"column":39}},"1":{"start":{"line":5,"column":0},"end":{"line":5,"column":null}},"2":{"start":{"line":21,"column":33},"end":{"line":64,"column":2}},"3":{"start":{"line":72,"column":4},"end":{"line":79,"column":5}},"4":{"start":{"line":73,"column":6},"end":{"line":78,"column":7}},"5":{"start":{"line":74,"column":24},"end":{"line":74,"column":43}},"6":{"start":{"line":75,"column":8},"end":{"line":77,"column":9}},"7":{"start":{"line":76,"column":10},"end":{"line":76,"column":66}},"8":{"start":{"line":80,"column":4},"end":{"line":80,"column":16}},"9":{"start":{"line":84,"column":17},"end":{"line":84,"column":33}},"10":{"start":{"line":85,"column":16},"end":{"line":85,"column":65}},"11":{"start":{"line":86,"column":4},"end":{"line":88,"column":5}},"12":{"start":{"line":87,"column":6},"end":{"line":87,"column":13}},"13":{"start":{"line":89,"column":4},"end":{"line":89,"column":48}},"14":{"start":{"line":93,"column":17},"end":{"line":93,"column":33}},"15":{"start":{"line":94,"column":16},"end":{"line":94,"column":66}},"16":{"start":{"line":95,"column":4},"end":{"line":97,"column":5}},"17":{"start":{"line":96,"column":6},"end":{"line":96,"column":13}},"18":{"start":{"line":98,"column":4},"end":{"line":98,"column":40}},"19":{"start":{"line":102,"column":17},"end":{"line":102,"column":33}},"20":{"start":{"line":103,"column":16},"end":{"line":103,"column":65}},"21":{"start":{"line":104,"column":4},"end":{"line":106,"column":5}},"22":{"start":{"line":105,"column":6},"end":{"line":105,"column":13}},"23":{"start":{"line":107,"column":4},"end":{"line":107,"column":33}},"24":{"start":{"line":111,"column":4},"end":{"line":111,"column":33}},"25":{"start":{"line":113,"column":4},"end":{"line":115,"column":5}},"26":{"start":{"line":114,"column":6},"end":{"line":114,"column":29}},"27":{"start":{"line":117,"column":4},"end":{"line":119,"column":5}},"28":{"start":{"line":118,"column":6},"end":{"line":118,"column":30}},"29":{"start":{"line":66,"column":0},"end":{"line":66,"column":13}}},"fnMap":{"0":{"name":"(anonymous_0)","decl":{"start":{"line":67,"column":10},"end":{"line":67,"column":16}},"loc":{"start":{"line":70,"column":39},"end":{"line":81,"column":3}}},"1":{"name":"(anonymous_1)","decl":{"start":{"line":83,"column":9},"end":{"line":83,"column":15}},"loc":{"start":{"line":83,"column":41},"end":{"line":90,"column":3}}},"2":{"name":"(anonymous_2)","decl":{"start":{"line":92,"column":9},"end":{"line":92,"column":15}},"loc":{"start":{"line":92,"column":42},"end":{"line":99,"column":3}}},"3":{"name":"(anonymous_3)","decl":{"start":{"line":101,"column":9},"end":{"line":101,"column":15}},"loc":{"start":{"line":101,"column":47},"end":{"line":108,"column":3}}},"4":{"name":"(anonymous_4)","decl":{"start":{"line":110,"column":9},"end":{"line":110,"column":15}},"loc":{"start":{"line":110,"column":44},"end":{"line":120,"column":3}}}},"branchMap":{"0":{"loc":{"start":{"line":73,"column":6},"end":{"line":78,"column":7}},"type":"if","locations":[{"start":{"line":73,"column":6},"end":{"line":78,"column":7}}]},"1":{"loc":{"start":{"line":73,"column":10},"end":{"line":73,"column":64}},"type":"binary-expr","locations":[{"start":{"line":73,"column":10},"end":{"line":73,"column":33}},{"start":{"line":73,"column":37},"end":{"line":73,"column":64}}]},"2":{"loc":{"start":{"line":75,"column":8},"end":{"line":77,"column":9}},"type":"if","locations":[{"start":{"line":75,"column":8},"end":{"line":77,"column":9}}]},"3":{"loc":{"start":{"line":86,"column":4},"end":{"line":88,"column":5}},"type":"if","locations":[{"start":{"line":86,"column":4},"end":{"line":88,"column":5}}]},"4":{"loc":{"start":{"line":95,"column":4},"end":{"line":97,"column":5}},"type":"if","locations":[{"start":{"line":95,"column":4},"end":{"line":97,"column":5}}]},"5":{"loc":{"start":{"line":104,"column":4},"end":{"line":106,"column":5}},"type":"if","locations":[{"start":{"line":104,"column":4},"end":{"line":106,"column":5}}]},"6":{"loc":{"start":{"line":113,"column":4},"end":{"line":115,"column":5}},"type":"if","locations":[{"start":{"line":113,"column":4},"end":{"line":115,"column":5}}]},"7":{"loc":{"start":{"line":117,"column":4},"end":{"line":119,"column":5}},"type":"if","locations":[{"start":{"line":117,"column":4},"end":{"line":119,"column":5}}]}},"s":{"0":1,"1":1,"2":1,"3":18,"4":84,"5":26,"6":26,"7":10,"8":8,"9":8,"10":8,"11":8,"12":0,"13":8,"14":0,"15":0,"16":0,"17":0,"18":0,"19":10,"20":10,"21":10,"22":8,"23":2,"24":10,"25":9,"26":8,"27":2,"28":0,"29":1},"f":{"0":18,"1":8,"2":0,"3":10,"4":10},"b":{"0":[26],"1":[84,50],"2":[10],"3":[0],"4":[0],"5":[8],"6":[8],"7":[0]}}
,"C:\\Users\\MarkRufin-Zavhorodni\\IdeaProjects\\kpi-mentor-diploma-auth\\app\\src\\enums\\EventEnums.ts": {"path":"C:\\Users\\MarkRufin-Zavhorodni\\IdeaProjects\\kpi-mentor-diploma-auth\\app\\src\\enums\\EventEnums.ts","statementMap":{"0":{"start":{"line":1,"column":0},"end":{"line":1,"column":null}},"1":{"start":{"line":2,"column":2},"end":{"line":2,"column":null}},"2":{"start":{"line":3,"column":2},"end":{"line":3,"column":null}},"3":{"start":{"line":4,"column":2},"end":{"line":4,"column":null}}},"fnMap":{"0":{"name":"(anonymous_0)","decl":{"start":{"line":1,"column":0},"end":{"line":1,"column":12}},"loc":{"start":{"line":1,"column":23},"end":{"line":5,"column":1}}}},"branchMap":{"0":{"loc":{"start":{"line":1,"column":12},"end":{"line":1,"column":null}},"type":"binary-expr","locations":[{"start":{"line":1,"column":12},"end":{"line":1,"column":23}},{"start":{"line":1,"column":23},"end":{"line":1,"column":null}}]}},"s":{"0":1,"1":1,"2":1,"3":1},"f":{"0":1},"b":{"0":[1,1]}}
,"C:\\Users\\MarkRufin-Zavhorodni\\IdeaProjects\\kpi-mentor-diploma-auth\\app\\src\\middlewares\\ErrorMiddleware.ts": {"path":"C:\\Users\\MarkRufin-Zavhorodni\\IdeaProjects\\kpi-mentor-diploma-auth\\app\\src\\middlewares\\ErrorMiddleware.ts","statementMap":{"0":{"start":{"line":2,"column":0},"end":{"line":2,"column":31}},"1":{"start":{"line":4,"column":31},"end":{"line":27,"column":1}},"2":{"start":{"line":5,"column":2},"end":{"line":26,"column":4}},"3":{"start":{"line":6,"column":4},"end":{"line":25,"column":5}},"4":{"start":{"line":7,"column":6},"end":{"line":7,"column":19}},"5":{"start":{"line":9,"column":6},"end":{"line":23,"column":7}},"6":{"start":{"line":10,"column":8},"end":{"line":10,"column":25}},"7":{"start":{"line":11,"column":8},"end":{"line":17,"column":10}},"8":{"start":{"line":13,"column":44},"end":{"line":16,"column":12}},"9":{"start":{"line":19,"column":8},"end":{"line":19,"column":25}},"10":{"start":{"line":20,"column":8},"end":{"line":22,"column":10}},"11":{"start":{"line":24,"column":6},"end":{"line":24,"column":59}},"12":{"start":{"line":4,"column":13},"end":{"line":4,"column":31}}},"fnMap":{"0":{"name":"(anonymous_0)","decl":{"start":{"line":4,"column":31},"end":{"line":4,"column":34}},"loc":{"start":{"line":4,"column":36},"end":{"line":27,"column":1}}},"1":{"name":"(anonymous_1)","decl":{"start":{"line":5,"column":9},"end":{"line":5,"column":14}},"loc":{"start":{"line":5,"column":44},"end":{"line":26,"column":3}}},"2":{"name":"(anonymous_2)","decl":{"start":{"line":13,"column":32},"end":{"line":13,"column":33}},"loc":{"start":{"line":13,"column":44},"end":{"line":16,"column":12}}}},"branchMap":{"0":{"loc":{"start":{"line":9,"column":6},"end":{"line":23,"column":7}},"type":"if","locations":[{"start":{"line":9,"column":6},"end":{"line":23,"column":7}},{"start":{"line":18,"column":13},"end":{"line":23,"column":7}}]},"1":{"loc":{"start":{"line":21,"column":19},"end":{"line":21,"column":75}},"type":"cond-expr","locations":[{"start":{"line":21,"column":40},"end":{"line":21,"column":49}},{"start":{"line":21,"column":52},"end":{"line":21,"column":75}}]}},"s":{"0":1,"1":1,"2":1,"3":10,"4":10,"5":0,"6":0,"7":0,"8":0,"9":0,"10":0,"11":0,"12":1},"f":{"0":1,"1":10,"2":0},"b":{"0":[0,0],"1":[0,0]}}
,"C:\\Users\\MarkRufin-Zavhorodni\\IdeaProjects\\kpi-mentor-diploma-auth\\app\\src\\middlewares\\ValidationMiddleware.ts": {"path":"C:\\Users\\MarkRufin-Zavhorodni\\IdeaProjects\\kpi-mentor-diploma-auth\\app\\src\\middlewares\\ValidationMiddleware.ts","statementMap":{"0":{"start":{"line":2,"column":0},"end":{"line":2,"column":31}},"1":{"start":{"line":3,"column":0},"end":{"line":3,"column":50}},"2":{"start":{"line":5,"column":36},"end":{"line":25,"column":1}},"3":{"start":{"line":6,"column":2},"end":{"line":24,"column":4}},"4":{"start":{"line":7,"column":4},"end":{"line":23,"column":5}},"5":{"start":{"line":8,"column":6},"end":{"line":8,"column":null}},"6":{"start":{"line":9,"column":6},"end":{"line":9,"column":19}},"7":{"start":{"line":11,"column":6},"end":{"line":22,"column":7}},"8":{"start":{"line":12,"column":8},"end":{"line":12,"column":25}},"9":{"start":{"line":13,"column":8},"end":{"line":18,"column":10}},"10":{"start":{"line":14,"column":43},"end":{"line":17,"column":12}},"11":{"start":{"line":20,"column":8},"end":{"line":20,"column":25}},"12":{"start":{"line":21,"column":8},"end":{"line":21,"column":53}},"13":{"start":{"line":5,"column":13},"end":{"line":5,"column":36}}},"fnMap":{"0":{"name":"(anonymous_0)","decl":{"start":{"line":5,"column":36},"end":{"line":5,"column":39}},"loc":{"start":{"line":5,"column":41},"end":{"line":25,"column":1}}},"1":{"name":"(anonymous_1)","decl":{"start":{"line":6,"column":9},"end":{"line":6,"column":14}},"loc":{"start":{"line":6,"column":44},"end":{"line":24,"column":3}}},"2":{"name":"(anonymous_2)","decl":{"start":{"line":14,"column":31},"end":{"line":14,"column":32}},"loc":{"start":{"line":14,"column":43},"end":{"line":17,"column":12}}}},"branchMap":{"0":{"loc":{"start":{"line":11,"column":6},"end":{"line":22,"column":7}},"type":"if","locations":[{"start":{"line":11,"column":6},"end":{"line":22,"column":7}},{"start":{"line":19,"column":13},"end":{"line":22,"column":7}}]}},"s":{"0":1,"1":1,"2":1,"3":1,"4":10,"5":10,"6":2,"7":8,"8":8,"9":8,"10":12,"11":0,"12":0,"13":1},"f":{"0":1,"1":10,"2":12},"b":{"0":[8,0]}}
,"C:\\Users\\MarkRufin-Zavhorodni\\IdeaProjects\\kpi-mentor-diploma-auth\\app\\src\\schemas\\ZodSchemas.ts": {"path":"C:\\Users\\MarkRufin-Zavhorodni\\IdeaProjects\\kpi-mentor-diploma-auth\\app\\src\\schemas\\ZodSchemas.ts","statementMap":{"0":{"start":{"line":1,"column":0},"end":{"line":1,"column":24}},"1":{"start":{"line":2,"column":0},"end":{"line":2,"column":53}},"2":{"start":{"line":4,"column":13},"end":{"line":9,"column":3}},"3":{"start":{"line":11,"column":13},"end":{"line":16,"column":3}},"4":{"start":{"line":18,"column":13},"end":{"line":22,"column":3}},"5":{"start":{"line":24,"column":13},"end":{"line":26,"column":3}},"6":{"start":{"line":28,"column":13},"end":{"line":30,"column":3}},"7":{"start":{"line":32,"column":13},"end":{"line":72,"column":3}},"8":{"start":{"line":36,"column":23},"end":{"line":36,"column":76}},"9":{"start":{"line":42,"column":23},"end":{"line":42,"column":76}},"10":{"start":{"line":45,"column":23},"end":{"line":45,"column":68}},"11":{"start":{"line":48,"column":23},"end":{"line":48,"column":44}},"12":{"start":{"line":58,"column":21},"end":{"line":58,"column":74}},"13":{"start":{"line":67,"column":17},"end":{"line":67,"column":74}},"14":{"start":{"line":74,"column":13},"end":{"line":95,"column":3}},"15":{"start":{"line":78,"column":23},"end":{"line":78,"column":45}},"16":{"start":{"line":81,"column":23},"end":{"line":81,"column":44}},"17":{"start":{"line":88,"column":8},"end":{"line":88,"column":51}},"18":{"start":{"line":97,"column":13},"end":{"line":99,"column":3}}},"fnMap":{"0":{"name":"(anonymous_0)","decl":{"start":{"line":36,"column":12},"end":{"line":36,"column":13}},"loc":{"start":{"line":36,"column":23},"end":{"line":36,"column":76}}},"1":{"name":"(anonymous_1)","decl":{"start":{"line":42,"column":12},"end":{"line":42,"column":13}},"loc":{"start":{"line":42,"column":23},"end":{"line":42,"column":76}}},"2":{"name":"(anonymous_2)","decl":{"start":{"line":45,"column":12},"end":{"line":45,"column":13}},"loc":{"start":{"line":45,"column":23},"end":{"line":45,"column":68}}},"3":{"name":"(anonymous_3)","decl":{"start":{"line":48,"column":12},"end":{"line":48,"column":13}},"loc":{"start":{"line":48,"column":23},"end":{"line":48,"column":44}}},"4":{"name":"(anonymous_4)","decl":{"start":{"line":58,"column":10},"end":{"line":58,"column":11}},"loc":{"start":{"line":58,"column":21},"end":{"line":58,"column":74}}},"5":{"name":"(anonymous_5)","decl":{"start":{"line":67,"column":6},"end":{"line":67,"column":7}},"loc":{"start":{"line":67,"column":17},"end":{"line":67,"column":74}}},"6":{"name":"(anonymous_6)","decl":{"start":{"line":78,"column":12},"end":{"line":78,"column":13}},"loc":{"start":{"line":78,"column":23},"end":{"line":78,"column":45}}},"7":{"name":"(anonymous_7)","decl":{"start":{"line":81,"column":12},"end":{"line":81,"column":13}},"loc":{"start":{"line":81,"column":23},"end":{"line":81,"column":44}}},"8":{"name":"(anonymous_8)","decl":{"start":{"line":87,"column":16},"end":{"line":87,"column":19}},"loc":{"start":{"line":87,"column":21},"end":{"line":89,"column":7}}}},"branchMap":{"0":{"loc":{"start":{"line":36,"column":23},"end":{"line":36,"column":76}},"type":"binary-expr","locations":[{"start":{"line":36,"column":23},"end":{"line":36,"column":42}},{"start":{"line":36,"column":46},"end":{"line":36,"column":60}},{"start":{"line":36,"column":64},"end":{"line":36,"column":76}}]},"1":{"loc":{"start":{"line":42,"column":23},"end":{"line":42,"column":76}},"type":"binary-expr","locations":[{"start":{"line":42,"column":23},"end":{"line":42,"column":42}},{"start":{"line":42,"column":46},"end":{"line":42,"column":60}},{"start":{"line":42,"column":64},"end":{"line":42,"column":76}}]},"2":{"loc":{"start":{"line":45,"column":23},"end":{"line":45,"column":68}},"type":"binary-expr","locations":[{"start":{"line":45,"column":23},"end":{"line":45,"column":42}},{"start":{"line":45,"column":46},"end":{"line":45,"column":68}}]},"3":{"loc":{"start":{"line":58,"column":21},"end":{"line":58,"column":74}},"type":"binary-expr","locations":[{"start":{"line":58,"column":21},"end":{"line":58,"column":40}},{"start":{"line":58,"column":44},"end":{"line":58,"column":58}},{"start":{"line":58,"column":62},"end":{"line":58,"column":74}}]},"4":{"loc":{"start":{"line":67,"column":17},"end":{"line":67,"column":74}},"type":"binary-expr","locations":[{"start":{"line":67,"column":17},"end":{"line":67,"column":36}},{"start":{"line":67,"column":40},"end":{"line":67,"column":54}},{"start":{"line":67,"column":58},"end":{"line":67,"column":74}}]}},"s":{"0":1,"1":1,"2":1,"3":1,"4":1,"5":1,"6":1,"7":1,"8":8,"9":8,"10":8,"11":8,"12":6,"13":8,"14":1,"15":0,"16":0,"17":0,"18":1},"f":{"0":8,"1":8,"2":8,"3":8,"4":6,"5":8,"6":0,"7":0,"8":0},"b":{"0":[8,7,7],"1":[8,7,7],"2":[8,7],"3":[6,6,6],"4":[8,7,7]}}
}
