TN:
SF:src\Utils\Validator.ts
FN:67,(anonymous_0)
FN:83,(anonymous_1)
FN:92,(anonymous_2)
FN:101,(anonymous_3)
FN:110,(anonymous_4)
FNF:5
FNH:4
FNDA:18,(anonymous_0)
FNDA:8,(anonymous_1)
FNDA:0,(anonymous_2)
FNDA:10,(anonymous_3)
FNDA:10,(anonymous_4)
DA:2,1
DA:5,1
DA:21,1
DA:66,1
DA:72,18
DA:73,84
DA:74,26
DA:75,26
DA:76,10
DA:80,8
DA:84,8
DA:85,8
DA:86,8
DA:87,0
DA:89,8
DA:93,0
DA:94,0
DA:95,0
DA:96,0
DA:98,0
DA:102,10
DA:103,10
DA:104,10
DA:105,8
DA:107,2
DA:111,10
DA:113,9
DA:114,8
DA:117,2
DA:118,0
LF:30
LH:23
BRDA:73,0,0,26
BRDA:73,1,0,84
BRDA:73,1,1,50
BRDA:75,2,0,10
BRDA:86,3,0,0
BRDA:95,4,0,0
BRDA:104,5,0,8
BRDA:113,6,0,8
BRDA:117,7,0,0
BRF:9
BRH:6
end_of_record
TN:
SF:src\enums\EventEnums.ts
FN:1,(anonymous_0)
FNF:1
FNH:1
FNDA:1,(anonymous_0)
DA:1,1
DA:2,1
DA:3,1
DA:4,1
LF:4
LH:4
BRDA:1,0,0,1
BRDA:1,0,1,1
BRF:2
BRH:2
end_of_record
TN:
SF:src\middlewares\ErrorMiddleware.ts
FN:4,(anonymous_0)
FN:5,(anonymous_1)
FN:13,(anonymous_2)
FNF:3
FNH:2
FNDA:1,(anonymous_0)
FNDA:10,(anonymous_1)
FNDA:0,(anonymous_2)
DA:2,1
DA:4,1
DA:5,1
DA:6,10
DA:7,10
DA:9,0
DA:10,0
DA:11,0
DA:13,0
DA:19,0
DA:20,0
DA:24,0
LF:12
LH:5
BRDA:9,0,0,0
BRDA:9,0,1,0
BRDA:21,1,0,0
BRDA:21,1,1,0
BRF:4
BRH:0
end_of_record
TN:
SF:src\middlewares\ValidationMiddleware.ts
FN:5,(anonymous_0)
FN:6,(anonymous_1)
FN:14,(anonymous_2)
FNF:3
FNH:3
FNDA:1,(anonymous_0)
FNDA:10,(anonymous_1)
FNDA:12,(anonymous_2)
DA:2,1
DA:3,1
DA:5,1
DA:6,1
DA:7,10
DA:8,10
DA:9,2
DA:11,8
DA:12,8
DA:13,8
DA:14,12
DA:20,0
DA:21,0
LF:13
LH:11
BRDA:11,0,0,8
BRDA:11,0,1,0
BRF:2
BRH:1
end_of_record
TN:
SF:src\schemas\ZodSchemas.ts
FN:36,(anonymous_0)
FN:42,(anonymous_1)
FN:45,(anonymous_2)
FN:48,(anonymous_3)
FN:58,(anonymous_4)
FN:67,(anonymous_5)
FN:78,(anonymous_6)
FN:81,(anonymous_7)
FN:87,(anonymous_8)
FNF:9
FNH:6
FNDA:8,(anonymous_0)
FNDA:8,(anonymous_1)
FNDA:8,(anonymous_2)
FNDA:8,(anonymous_3)
FNDA:6,(anonymous_4)
FNDA:8,(anonymous_5)
FNDA:0,(anonymous_6)
FNDA:0,(anonymous_7)
FNDA:0,(anonymous_8)
DA:1,1
DA:2,1
DA:4,1
DA:11,1
DA:18,1
DA:24,1
DA:28,1
DA:32,1
DA:36,8
DA:42,8
DA:45,8
DA:48,8
DA:58,6
DA:67,8
DA:74,1
DA:78,0
DA:81,0
DA:88,0
DA:97,1
LF:19
LH:16
BRDA:36,0,0,8
BRDA:36,0,1,7
BRDA:36,0,2,7
BRDA:42,1,0,8
BRDA:42,1,1,7
BRDA:42,1,2,7
BRDA:45,2,0,8
BRDA:45,2,1,7
BRDA:58,3,0,6
BRDA:58,3,1,6
BRDA:58,3,2,6
BRDA:67,4,0,8
BRDA:67,4,1,7
BRDA:67,4,2,7
BRF:14
BRH:14
end_of_record
